2024-12-21 14:13:16,644-masks-INFO: Принят номер карты 1596837868705199 для маскирования
2024-12-21 14:13:16,644-masks-INFO: Маскирование номера карты выполнено успешно
2024-12-21 14:13:16,644-masks-INFO: Карта 1596837868705199 маскирована в виде 1596 83** **** 5199
2024-12-21 14:13:17,296-masks-INFO: Принят номер карты 1596837868705199 для маскирования
2024-12-21 14:13:17,296-masks-INFO: Маскирование номера карты выполнено успешно
2024-12-21 14:13:17,297-masks-INFO: Карта 1596837868705199 маскирована в виде 1596 83** **** 5199
2024-12-21 14:13:17,298-masks-INFO: Принят номер карты 7158300734726758 для маскирования
2024-12-21 14:13:17,298-masks-INFO: Маскирование номера карты выполнено успешно
2024-12-21 14:13:17,298-masks-INFO: Карта 7158300734726758 маскирована в виде 7158 30** **** 6758
2024-12-21 14:13:17,299-masks-INFO: Принят номер карты 6831982476737658 для маскирования
2024-12-21 14:13:17,299-masks-INFO: Маскирование номера карты выполнено успешно
2024-12-21 14:13:17,299-masks-INFO: Карта 6831982476737658 маскирована в виде 6831 98** **** 7658
2024-12-21 14:13:17,301-masks-INFO: Принят номер карты 8990922113665229 для маскирования
2024-12-21 14:13:17,301-masks-INFO: Маскирование номера карты выполнено успешно
2024-12-21 14:13:17,301-masks-INFO: Карта 8990922113665229 маскирована в виде 8990 92** **** 5229
2024-12-21 14:13:17,302-masks-INFO: Принят номер карты 5999414228426353 для маскирования
2024-12-21 14:13:17,302-masks-INFO: Маскирование номера карты выполнено успешно
2024-12-21 14:13:17,302-masks-INFO: Карта 5999414228426353 маскирована в виде 5999 41** **** 6353
2024-12-21 14:13:17,304-masks-INFO: Принят номер карты  для маскирования
2024-12-21 14:13:17,304-masks-ERROR: Нулевая длина номера карты. Вызвано исключение
2024-12-21 14:13:17,306-masks-INFO: Принят номер карты -1502398039483094853496868705199 для маскирования
2024-12-21 14:13:17,306-masks-ERROR: Нестандартный номер карты, должно быть 16-значное число
2024-12-21 14:13:17,307-masks-INFO: Принят номер карты -70734726758 для маскирования
2024-12-21 14:13:17,307-masks-ERROR: Нестандартный номер карты, должно быть 16-значное число
2024-12-21 14:13:17,309-masks-INFO: Принят номер карты 688 для маскирования
2024-12-21 14:13:17,309-masks-ERROR: Нестандартный номер карты, должно быть 16-значное число
2024-12-21 14:13:17,310-masks-INFO: Принят номер карты 89909 для маскирования
2024-12-21 14:13:17,310-masks-ERROR: Нестандартный номер карты, должно быть 16-значное число
2024-12-21 14:13:17,312-masks-INFO: Принят номер карты 599948426353 для маскирования
2024-12-21 14:13:17,312-masks-ERROR: Нестандартный номер карты, должно быть 16-значное число
2024-12-21 14:13:17,313-masks-INFO: Получен номер счета 64686473678894779589 для маскирования
2024-12-21 14:13:17,313-masks-INFO: Счет 64686473678894779589 маскирован в виде **9589
2024-12-21 14:13:17,315-masks-INFO: Получен номер счета 35383033474447895560 для маскирования
2024-12-21 14:13:17,315-masks-INFO: Счет 35383033474447895560 маскирован в виде **5560
2024-12-21 14:13:17,316-masks-INFO: Получен номер счета 73654108430135874305 для маскирования
2024-12-21 14:13:17,316-masks-INFO: Счет 73654108430135874305 маскирован в виде **4305
2024-12-21 14:13:17,317-masks-INFO: Получен номер счета  для маскирования
2024-12-21 14:13:17,317-masks-ERROR: Нулевая длина номера счета
2024-12-21 14:13:17,319-masks-INFO: Получен номер счета -1502398039483094853496868705199 для маскирования
2024-12-21 14:13:17,319-masks-ERROR: Нестандартный номер счета, вызвано исключение
2024-12-21 14:13:17,321-masks-INFO: Получен номер счета -70734726758 для маскирования
2024-12-21 14:13:17,321-masks-ERROR: Нестандартный номер счета, вызвано исключение
2024-12-21 14:13:17,322-masks-INFO: Получен номер счета 688 для маскирования
2024-12-21 14:13:17,322-masks-ERROR: Нестандартный номер счета, вызвано исключение
2024-12-21 14:13:17,324-masks-INFO: Получен номер счета 89909 для маскирования
2024-12-21 14:13:17,324-masks-ERROR: Нестандартный номер счета, вызвано исключение
2024-12-21 14:13:17,325-masks-INFO: Получен номер счета 599948426353 для маскирования
2024-12-21 14:13:17,325-masks-ERROR: Нестандартный номер счета, вызвано исключение
