2024-12-30 13:51:19,989-masks-INFO: Получен номер счета 37653295304860108767 для маскирования
2024-12-30 13:51:19,989-masks-INFO: Счет 376532953042024-12-30 13:51:21,083-utils-INFO: Попытка прочитать файл json
2024-12-30 13:51:21,083-utils-INFO: Чтение и обработка файла успешна
2024-12-30 13:51:21,270-utils-INFO: Попытка прочитать файл json
2024-12-30 13:51:21,270-utils-INFO: Чтение и обработка файла успешна
2024-12-30 13:51:21,286-utils-INFO: Попытка прочитать файл json
2024-12-30 13:51:21,286-utils-INFO: Чтение и обработка файла успешна
2024-12-30 13:51:21,286-utils-ERROR: Ошибка чтения файла, возвращен пустой список
2024-12-30 13:51:21,286-utils-INFO: Попытка прочитать файл json
2024-12-30 13:51:21,286-utils-ERROR: Ошибка чтения файла, возвращен пустой список
2024-12-30 13:51:21,301-utils-INFO: Принята транзакция на обработку, валюта RUB
2024-12-30 13:51:21,301-utils-INFO: Принята транзакция на обработку, валюта USD
2024-12-30 13:51:21,301-utils-INFO: Конвертация валюты успешна, возвращена сумма в рублях
2024-12-30 13:51:21,301-utils-INFO: Принята транзакция на обработку, валюта USD
2024-12-30 13:51:21,301-utils-INFO: Конвертация валюты успешна, возвращена сумма в рублях
2024-12-30 13:51:21,301-utils-WARNING: Конвертация не удалась, сумма возвращена в исходной валюте
451 маскирован в виде **7451
2024-12-30 13:51:20,020-masks-INFO: Получен номер счета 83739717055666813179 для маскирования
2024-12-30 13:51:20,020-masks-INFO: Счет 83739717055666813179 маскирован в виде **3179
2024-12-30 13:51:20,989-masks-INFO: Получен номер счета 69086868315648596195 для маскирования
2024-12-30 13:51:20,989-masks-INFO: Счет 69086868315648596195 маскирован в виде **6195
2024-12-30 13:51:21,020-masks-INFO: Принят номер карты 5313948287096164 для маскирования
2024-12-30 13:51:21,020-masks-INFO: Маскирование номера карты выполнено успешно
2024-12-30 13:51:21,020-masks-INFO: Карта 5313948287096164 маскирована в виде 5313 94** **** 6164
2024-12-30 13:51:21,020-masks-INFO: Принят номер карты 0329774489991288 для маскирования
2024-12-30 13:51:21,020-masks-INFO: Маскирование номера карты выполнено успешно
2024-12-30 13:51:21,020-masks-INFO: Карта 0329774489991288 маскирована в виде 0329 77** **** 1288
2024-12-30 13:51:21,020-masks-INFO: Принят номер карты 4205969069978141 для маскирования
2024-12-30 13:51:21,020-masks-INFO: Маскирование номера карты выполнено успешно
2024-12-30 13:51:21,020-masks-INFO: Карта 4205969069978141 маскирована в виде 4205 96** **** 8141
2024-12-30 13:51:21,020-masks-INFO: Принят номер карты 3182665825206884 для маскирования
2024-12-30 13:51:21,020-masks-INFO: Маскирование номера карты выполнено успешно
2024-12-30 13:51:21,020-masks-INFO: Карта 3182665825206884 маскирована в виде 3182 66** **** 6884
2024-12-30 13:51:21,020-masks-INFO: Принят номер карты 3093124722348405 для маскирования
2024-12-30 13:51:21,020-masks-INFO: Маскирование номера карты выполнено успешно
2024-12-30 13:51:21,020-masks-INFO: Карта 3093124722348405 маскирована в виде 3093 12** **** 8405
2024-12-30 13:51:21,020-masks-INFO: Принят номер карты 6950002720800411 для маскирования
2024-12-30 13:51:21,020-masks-INFO: Маскирование номера карты выполнено успешно
2024-12-30 13:51:21,020-masks-INFO: Карта 6950002720800411 маскирована в виде 6950 00** **** 0411
2024-12-30 13:51:21,036-masks-INFO: Получен номер счета 01411847038697732472 для маскирования
2024-12-30 13:51:21,036-masks-INFO: Счет 01411847038697732472 маскирован в виде **2472
2024-12-30 13:51:21,036-masks-INFO: Получен номер счета 67457374082601064845 для маскирования
2024-12-30 13:51:21,036-masks-INFO: Счет 67457374082601064845 маскирован в виде **4845
2024-12-30 13:51:21,036-masks-INFO: Получен номер счета 57132829784776201423 для маскирования
2024-12-30 13:51:21,036-masks-INFO: Счет 57132829784776201423 маскирован в виде **1423
2024-12-30 13:51:21,036-masks-INFO: Получен номер счета 95605694496875862934 для маскирования
2024-12-30 13:51:21,036-masks-INFO: Счет 95605694496875862934 маскирован в виде **2934
2024-12-30 13:51:21,036-masks-INFO: Принят номер карты 9458117363112215 для маскирования
2024-12-30 13:51:21,036-masks-INFO: Маскирование номера карты выполнено успешно
2024-12-30 13:51:21,036-masks-INFO: Карта 9458117363112215 маскирована в виде 9458 11** **** 2215
2024-12-30 13:51:21,036-masks-INFO: Принят номер карты 6335859532296628 для маскирования
2024-12-30 13:51:21,036-masks-INFO: Маскирование номера карты выполнено успешно
2024-12-30 13:51:21,036-masks-INFO: Карта 6335859532296628 маскирована в виде 6335 85** **** 6628
2024-12-30 13:51:21,036-masks-INFO: Принят номер карты 6902837737884644 для маскирования
2024-12-30 13:51:21,036-masks-INFO: Маскирование номера карты выполнено успешно
2024-12-30 13:51:21,036-masks-INFO: Карта 6902837737884644 маскирована в виде 6902 83** **** 4644
2024-12-30 13:51:21,036-masks-INFO: Принят номер карты 1368443024115273 для маскирования
2024-12-30 13:51:21,036-masks-INFO: Маскирование номера карты выполнено успешно
2024-12-30 13:51:21,036-masks-INFO: Карта 1368443024115273 маскирована в виде 1368 44** **** 5273
2024-12-30 13:51:21,036-masks-INFO: Принят номер карты 8924432019137202 для маскирования
2024-12-30 13:51:21,036-masks-INFO: Маскирование номера карты выполнено успешно
2024-12-30 13:51:21,036-masks-INFO: Карта 8924432019137202 маскирована в виде 8924 43** **** 7202
2024-12-30 13:51:21,036-masks-INFO: Принят номер карты 5653663363322651 для маскирования
2024-12-30 13:51:21,036-masks-INFO: Маскирование номера карты выполнено успешно
2024-12-30 13:51:21,036-masks-INFO: Карта 5653663363322651 маскирована в виде 5653 66** **** 2651
2024-12-30 13:51:21,036-masks-INFO: Принят номер карты 2343953148883158 для маскирования
2024-12-30 13:51:21,036-masks-INFO: Маскирование номера карты выполнено успешно
2024-12-30 13:51:21,036-masks-INFO: Карта 2343953148883158 маскирована в виде 2343 95** **** 3158
2024-12-30 13:51:21,036-masks-INFO: Принят номер карты 8400869379923599 для маскирования
2024-12-30 13:51:21,036-masks-INFO: Маскирование номера карты выполнено успешно
2024-12-30 13:51:21,036-masks-INFO: Карта 8400869379923599 маскирована в виде 8400 86** **** 3599
2024-12-30 13:51:21,036-masks-INFO: Принят номер карты 0134021618597734 для маскирования
2024-12-30 13:51:21,036-masks-INFO: Маскирование номера карты выполнено успешно
2024-12-30 13:51:21,036-masks-INFO: Карта 0134021618597734 маскирована в виде 0134 02** **** 7734
2024-12-30 13:51:21,036-masks-INFO: Принят номер карты 7974416741612242 для маскирования
2024-12-30 13:51:21,036-masks-INFO: Маскирование номера карты выполнено успешно
2024-12-30 13:51:21,036-masks-INFO: Карта 7974416741612242 маскирована в виде 7974 41** **** 2242
2024-12-30 13:51:21,036-masks-INFO: Принят номер карты 3723527446109611 для маскирования
2024-12-30 13:51:21,036-masks-INFO: Маскирование номера карты выполнено успешно
2024-12-30 13:51:21,036-masks-INFO: Карта 3723527446109611 маскирована в виде 3723 52** **** 9611
2024-12-30 13:51:21,036-masks-INFO: Принят номер карты 4201111974501655 для маскирования
2024-12-30 13:51:21,036-masks-INFO: Маскирование номера карты выполнено успешно
2024-12-30 13:51:21,036-masks-INFO: Карта 4201111974501655 маскирована в виде 4201 11** **** 1655
2024-12-30 13:51:21,036-masks-INFO: Принят номер карты 1563074999448104 для маскирования
2024-12-30 13:51:21,036-masks-INFO: Маскирование номера карты выполнено успешно
2024-12-30 13:51:21,036-masks-INFO: Карта 1563074999448104 маскирована в виде 1563 07** **** 8104
2024-12-30 13:51:21,036-masks-INFO: Принят номер карты 6133882980108564 для маскирования
2024-12-30 13:51:21,036-masks-INFO: Маскирование номера карты выполнено успешно
2024-12-30 13:51:21,036-masks-INFO: Карта 6133882980108564 маскирована в виде 6133 88** **** 8564
2024-12-30 13:51:21,051-masks-INFO: Получен номер счета 36880956803774247605 для маскирования
2024-12-30 13:51:21,051-masks-INFO: Счет 36880956803774247605 маскирован в виде **7605
2024-12-30 13:51:21,051-masks-INFO: Получен номер счета 57967135740972430525 для маскирования
2024-12-30 13:51:21,051-masks-INFO: Счет 57967135740972430525 маскирован в виде **0525
2024-12-30 13:51:21,051-masks-INFO: Принят номер карты 9171903868456946 для маскирования
2024-12-30 13:51:21,051-masks-INFO: Маскирование номера карты выполнено успешно
2024-12-30 13:51:21,051-masks-INFO: Карта 9171903868456946 маскирована в виде 9171 90** **** 6946
2024-12-30 13:51:21,051-masks-INFO: Принят номер карты 1486898442392527 для маскирования
2024-12-30 13:51:21,051-masks-INFO: Маскирование номера карты выполнено успешно
2024-12-30 13:51:21,051-masks-INFO: Карта 1486898442392527 маскирована в виде 1486 89** **** 2527
2024-12-30 13:51:21,051-masks-INFO: Принят номер карты 1399159034596740 для маскирования
2024-12-30 13:51:21,051-masks-INFO: Маскирование номера карты выполнено успешно
2024-12-30 13:51:21,051-masks-INFO: Карта 1399159034596740 маскирована в виде 1399 15** **** 6740
2024-12-30 13:51:21,051-masks-INFO: Получен номер счета 71814990641193663905 для маскирования
2024-12-30 13:51:21,051-masks-INFO: Счет 71814990641193663905 маскирован в виде **3905
2024-12-30 13:51:21,051-masks-INFO: Получен номер счета 86244850477007883319 для маскирования
2024-12-30 13:51:21,051-masks-INFO: Счет 86244850477007883319 маскирован в виде **3319
2024-12-30 13:51:21,051-masks-INFO: Получен номер счета 81698090448201122541 для маскирования
2024-12-30 13:51:21,051-masks-INFO: Счет 81698090448201122541 маскирован в виде **2541
2024-12-30 13:51:21,051-masks-INFO: Принят номер карты 0560253835243874 для маскирования
2024-12-30 13:51:21,051-masks-INFO: Маскирование номера карты выполнено успешно
2024-12-30 13:51:21,051-masks-INFO: Карта 0560253835243874 маскирована в виде 0560 25** **** 3874
2024-12-30 13:51:21,051-masks-INFO: Получен номер счета 44603300489524463522 для маскирования
2024-12-30 13:51:21,051-masks-INFO: Счет 44603300489524463522 маскирован в виде **3522
2024-12-30 13:51:21,051-masks-INFO: Принят номер карты 6574691179829422 для маскирования
2024-12-30 13:51:21,051-masks-INFO: Маскирование номера карты выполнено успешно
2024-12-30 13:51:21,051-masks-INFO: Карта 6574691179829422 маскирована в виде 6574 69** **** 9422
2024-12-30 13:51:21,051-masks-INFO: Принят номер карты 4659403386698758 для маскирования
2024-12-30 13:51:21,051-masks-INFO: Маскирование номера карты выполнено успешно
2024-12-30 13:51:21,051-masks-INFO: Карта 4659403386698758 маскирована в виде 4659 40** **** 8758
2024-12-30 13:51:21,051-masks-INFO: Принят номер карты 9698316448168820 для маскирования
2024-12-30 13:51:21,051-masks-INFO: Маскирование номера карты выполнено успешно
2024-12-30 13:51:21,051-masks-INFO: Карта 9698316448168820 маскирована в виде 9698 31** **** 8820
2024-12-30 13:51:21,051-masks-INFO: Получен номер счета 91507178049597221508 для маскирования
2024-12-30 13:51:21,051-masks-INFO: Счет 91507178049597221508 маскирован в виде **1508
2024-12-30 13:51:21,051-masks-INFO: Принят номер карты 8817383202472795 для маскирования
2024-12-30 13:51:21,051-masks-INFO: Маскирование номера карты выполнено успешно
2024-12-30 13:51:21,051-masks-INFO: Карта 8817383202472795 маскирована в виде 8817 38** **** 2795
2024-12-30 13:51:21,051-masks-INFO: Принят номер карты 3942175254816690 для маскирования
2024-12-30 13:51:21,051-masks-INFO: Маскирование номера карты выполнено успешно
2024-12-30 13:51:21,051-masks-INFO: Карта 3942175254816690 маскирована в виде 3942 17** **** 6690
2024-12-30 13:51:21,051-masks-INFO: Принят номер карты 5289343085624249 для маскирования
2024-12-30 13:51:21,051-masks-INFO: Маскирование номера карты выполнено успешно
2024-12-30 13:51:21,051-masks-INFO: Карта 5289343085624249 маскирована в виде 5289 34** **** 4249
2024-12-30 13:51:21,051-masks-INFO: Получен номер счета 37876144219366357273 для маскирования
2024-12-30 13:51:21,051-masks-INFO: Счет 37876144219366357273 маскирован в виде **7273
2024-12-30 13:51:21,051-masks-INFO: Получен номер счета 22246813624466689601 для маскирования
2024-12-30 13:51:21,051-masks-INFO: Счет 22246813624466689601 маскирован в виде **9601
2024-12-30 13:51:21,051-masks-INFO: Получен номер счета 60148056083328746527 для маскирования
2024-12-30 13:51:21,051-masks-INFO: Счет 60148056083328746527 маскирован в виде **6527
2024-12-30 13:51:21,051-masks-INFO: Принят номер карты 4061237171643434 для маскирования
2024-12-30 13:51:21,051-masks-INFO: Маскирование номера карты выполнено успешно
2024-12-30 13:51:21,051-masks-INFO: Карта 4061237171643434 маскирована в виде 4061 23** **** 3434
2024-12-30 13:51:21,051-masks-INFO: Принят номер карты 7539829899017635 для маскирования
2024-12-30 13:51:21,051-masks-INFO: Маскирование номера карты выполнено успешно
2024-12-30 13:51:21,051-masks-INFO: Карта 7539829899017635 маскирована в виде 7539 82** **** 7635
2024-12-30 13:51:21,051-masks-INFO: Принят номер карты 7725500610751579 для маскирования
2024-12-30 13:51:21,051-masks-INFO: Маскирование номера карты выполнено успешно
2024-12-30 13:51:21,051-masks-INFO: Карта 7725500610751579 маскирована в виде 7725 50** **** 1579
2024-12-30 13:51:21,051-masks-INFO: Принят номер карты 8189486607683162 для маскирования
2024-12-30 13:51:21,051-masks-INFO: Маскирование номера карты выполнено успешно
2024-12-30 13:51:21,051-masks-INFO: Карта 8189486607683162 маскирована в виде 8189 48** **** 3162
2024-12-30 13:51:21,067-masks-INFO: Получен номер счета 36602273830151626580 для маскирования
2024-12-30 13:51:21,067-masks-INFO: Счет 36602273830151626580 маскирован в виде **6580
2024-12-30 13:51:21,067-masks-INFO: Получен номер счета 61127622361324528517 для маскирования
2024-12-30 13:51:21,067-masks-INFO: Счет 61127622361324528517 маскирован в виде **8517
2024-12-30 13:51:21,067-masks-INFO: Принят номер карты 7986449445672194 для маскирования
2024-12-30 13:51:21,067-masks-INFO: Маскирование номера карты выполнено успешно
2024-12-30 13:51:21,067-masks-INFO: Карта 7986449445672194 маскирована в виде 7986 44** **** 2194
2024-12-30 13:51:21,067-masks-INFO: Принят номер карты 8862361645542151 для маскирования
2024-12-30 13:51:21,067-masks-INFO: Маскирование номера карты выполнено успешно
2024-12-30 13:51:21,067-masks-INFO: Карта 8862361645542151 маскирована в виде 8862 36** **** 2151
2024-12-30 13:51:21,067-masks-INFO: Получен номер счета 41878599375303475996 для маскирования
2024-12-30 13:51:21,067-masks-INFO: Счет 41878599375303475996 маскирован в виде **5996
2024-12-30 13:51:21,067-masks-INFO: Принят номер карты 0773092093872450 для маскирования
2024-12-30 13:51:21,067-masks-INFO: Маскирование номера карты выполнено успешно
2024-12-30 13:51:21,067-masks-INFO: Карта 0773092093872450 маскирована в виде 0773 09** **** 2450
2024-12-30 13:51:21,067-masks-INFO: Принят номер карты 8602781449570491 для маскирования
2024-12-30 13:51:21,067-masks-INFO: Маскирование номера карты выполнено успешно
2024-12-30 13:51:21,067-masks-INFO: Карта 8602781449570491 маскирована в виде 8602 78** **** 0491
2024-12-30 13:51:21,067-masks-INFO: Принят номер карты 3057946398768198 для маскирования
2024-12-30 13:51:21,067-masks-INFO: Маскирование номера карты выполнено успешно
2024-12-30 13:51:21,067-masks-INFO: Карта 3057946398768198 маскирована в виде 3057 94** **** 8198
2024-12-30 13:51:21,067-masks-INFO: Принят номер карты 4035896941119221 для маскирования
2024-12-30 13:51:21,067-masks-INFO: Маскирование номера карты выполнено успешно
2024-12-30 13:51:21,067-masks-INFO: Карта 4035896941119221 маскирована в виде 4035 89** **** 9221
2024-12-30 13:51:21,067-masks-INFO: Получен номер счета 00001929651993491151 для маскирования
2024-12-30 13:51:21,067-masks-INFO: Счет 00001929651993491151 маскирован в виде **1151
2024-12-30 13:51:21,067-masks-INFO: Получен номер счета 94107008805088717279 для маскирования
2024-12-30 13:51:21,067-masks-INFO: Счет 94107008805088717279 маскирован в виде **7279
2024-12-30 13:51:21,067-masks-INFO: Принят номер карты 8455447150087314 для маскирования
2024-12-30 13:51:21,067-masks-INFO: Маскирование номера карты выполнено успешно
2024-12-30 13:51:21,067-masks-INFO: Карта 8455447150087314 маскирована в виде 8455 44** **** 7314
2024-12-30 13:51:21,067-masks-INFO: Получен номер счета 70453658863403233739 для маскирования
2024-12-30 13:51:21,067-masks-INFO: Счет 70453658863403233739 маскирован в виде **3739
2024-12-30 13:51:21,067-masks-INFO: Принят номер карты 8926691998863176 для маскирования
2024-12-30 13:51:21,067-masks-INFO: Маскирование номера карты выполнено успешно
2024-12-30 13:51:21,067-masks-INFO: Карта 8926691998863176 маскирована в виде 8926 69** **** 3176
2024-12-30 13:51:21,067-masks-INFO: Принят номер карты 9331952063031046 для маскирования
2024-12-30 13:51:21,067-masks-INFO: Маскирование номера карты выполнено успешно
2024-12-30 13:51:21,067-masks-INFO: Карта 9331952063031046 маскирована в виде 9331 95** **** 1046
2024-12-30 13:51:21,067-masks-INFO: Принят номер карты 7657178713716531 для маскирования
2024-12-30 13:51:21,067-masks-INFO: Маскирование номера карты выполнено успешно
2024-12-30 13:51:21,067-masks-INFO: Карта 7657178713716531 маскирована в виде 7657 17** **** 6531
2024-12-30 13:51:21,067-masks-INFO: Принят номер карты 5442625865778510 для маскирования
2024-12-30 13:51:21,067-masks-INFO: Маскирование номера карты выполнено успешно
2024-12-30 13:51:21,067-masks-INFO: Карта 5442625865778510 маскирована в виде 5442 62** **** 8510
2024-12-30 13:51:21,067-masks-INFO: Получен номер счета 58936710508356884628 для маскирования
2024-12-30 13:51:21,067-masks-INFO: Счет 58936710508356884628 маскирован в виде **4628
2024-12-30 13:51:21,083-masks-INFO: Принят номер карты 1596837868705199 для маскирования
2024-12-30 13:51:21,083-masks-INFO: Маскирование номера карты выполнено успешно
2024-12-30 13:51:21,083-masks-INFO: Карта 1596837868705199 маскирована в виде 1596 83** **** 5199
2024-12-30 13:51:21,083-masks-INFO: Принят номер карты 7158300734726758 для маскирования
2024-12-30 13:51:21,083-masks-INFO: Маскирование номера карты выполнено успешно
2024-12-30 13:51:21,083-masks-INFO: Карта 7158300734726758 маскирована в виде 7158 30** **** 6758
2024-12-30 13:51:21,098-masks-INFO: Принят номер карты 6831982476737658 для маскирования
2024-12-30 13:51:21,098-masks-INFO: Маскирование номера карты выполнено успешно
2024-12-30 13:51:21,098-masks-INFO: Карта 6831982476737658 маскирована в виде 6831 98** **** 7658
2024-12-30 13:51:21,098-masks-INFO: Принят номер карты 8990922113665229 для маскирования
2024-12-30 13:51:21,098-masks-INFO: Маскирование номера карты выполнено успешно
2024-12-30 13:51:21,098-masks-INFO: Карта 8990922113665229 маскирована в виде 8990 92** **** 5229
2024-12-30 13:51:21,098-masks-INFO: Принят номер карты 5999414228426353 для маскирования
2024-12-30 13:51:21,098-masks-INFO: Маскирование номера карты выполнено успешно
2024-12-30 13:51:21,098-masks-INFO: Карта 5999414228426353 маскирована в виде 5999 41** **** 6353
2024-12-30 13:51:21,114-masks-INFO: Принят номер карты  для маскирования
2024-12-30 13:51:21,114-masks-ERROR: Нулевая длина номера карты. Вызвано исключение
2024-12-30 13:51:21,114-masks-INFO: Принят номер карты -1502398039483094853496868705199 для маскирования
2024-12-30 13:51:21,114-masks-ERROR: Нестандартный номер карты, должно быть 16-значное число
2024-12-30 13:51:21,114-masks-INFO: Принят номер карты -70734726758 для маскирования
2024-12-30 13:51:21,114-masks-ERROR: Нестандартный номер карты, должно быть 16-значное число
2024-12-30 13:51:21,114-masks-INFO: Принят номер карты 688 для маскирования
2024-12-30 13:51:21,114-masks-ERROR: Нестандартный номер карты, должно быть 16-значное число
2024-12-30 13:51:21,129-masks-INFO: Принят номер карты 89909 для маскирования
2024-12-30 13:51:21,129-masks-ERROR: Нестандартный номер карты, должно быть 16-значное число
2024-12-30 13:51:21,129-masks-INFO: Принят номер карты 599948426353 для маскирования
2024-12-30 13:51:21,129-masks-ERROR: Нестандартный номер карты, должно быть 16-значное число
2024-12-30 13:51:21,129-masks-INFO: Получен номер счета 64686473678894779589 для маскирования
2024-12-30 13:51:21,129-masks-INFO: Счет 64686473678894779589 маскирован в виде **9589
2024-12-30 13:51:21,145-masks-INFO: Получен номер счета 35383033474447895560 для маскирования
2024-12-30 13:51:21,145-masks-INFO: Счет 35383033474447895560 маскирован в виде **5560
2024-12-30 13:51:21,145-masks-INFO: Получен номер счета 73654108430135874305 для маскирования
2024-12-30 13:51:21,145-masks-INFO: Счет 73654108430135874305 маскирован в виде **4305
2024-12-30 13:51:21,145-masks-INFO: Получен номер счета  для маскирования
2024-12-30 13:51:21,145-masks-ERROR: Нулевая длина номера счета
2024-12-30 13:51:21,145-masks-INFO: Получен номер счета -1502398039483094853496868705199 для маскирования
2024-12-30 13:51:21,145-masks-ERROR: Нестандартный номер счета, вызвано исключение
2024-12-30 13:51:21,161-masks-INFO: Получен номер счета -70734726758 для маскирования
2024-12-30 13:51:21,161-masks-ERROR: Нестандартный номер счета, вызвано исключение
2024-12-30 13:51:21,161-masks-INFO: Получен номер счета 688 для маскирования
2024-12-30 13:51:21,161-masks-ERROR: Нестандартный номер счета, вызвано исключение
2024-12-30 13:51:21,161-masks-INFO: Получен номер счета 89909 для маскирования
2024-12-30 13:51:21,161-masks-ERROR: Нестандартный номер счета, вызвано исключение
2024-12-30 13:51:21,176-masks-INFO: Получен номер счета 599948426353 для маскирования
2024-12-30 13:51:21,176-masks-ERROR: Нестандартный номер счета, вызвано исключение
2024-12-30 13:51:21,208-masks-INFO: Получен номер счета 64686473678894779589 для маскирования
2024-12-30 13:51:21,208-masks-INFO: Счет 64686473678894779589 маскирован в виде **9589
2024-12-30 13:51:21,208-masks-INFO: Принят номер карты 1308798378707170 для маскирования
2024-12-30 13:51:21,208-masks-INFO: Маскирование номера карты выполнено успешно
2024-12-30 13:51:21,208-masks-INFO: Карта 1308798378707170 маскирована в виде 1308 79** **** 7170
2024-12-30 13:51:21,208-masks-INFO: Получен номер счета 64686473678894778612 для маскирования
2024-12-30 13:51:21,208-masks-INFO: Счет 64686473678894778612 маскирован в виде **8612
